ISim log file
Running: D:\AND_376\AND_376_isim_beh.exe -intstyle ise -gui -tclbatch isim.cmd -wdb D:/AND_376/AND_376_isim_beh.wdb 
ISim P.58f (signature 0x7708f090)
This is a Full version of ISim.
Time resolution is 1 ps
# onerror resume
# wave add /
# run 1000 ns
Simulator is doing circuit initialization process.
Finished circuit initialization process.
# isim force add /and_376/a 0 -radix bin
# isim force add /and_376/a 0 -radix bin
# isim force add /and_376/b 0 -radix bin
# isim force add /and_376/b 0 -radix bin
# run 1.00us
# isim force add /and_376/b 1 -radix bin
# isim force add /and_376/b 1 -radix bin
# run 1.00us
# isim force add /and_376/a 1 -radix bin
# isim force add /and_376/a 1 -radix bin
# isim force add /and_376/b 0 -radix bin
# isim force add /and_376/b 0 -radix bin
# run 1.00us
# isim force add /and_376/a 1 -radix bin
# isim force add /and_376/b 1 -radix bin
# run 1.00us
